<?xml version="1.0" encoding="UTF-8"?>
<!-- Generated by org.testng.reporters.JUnitReportReporter -->
<testsuite skipped="0" hostname="Rajendra" name="com.utility.ExcelSheetWriteUtils" tests="1" failures="0" timestamp="05 Jul 2022 06:54:02 GMT" time="0.468" errors="0">
  <testcase name="excelsheet" time="0.468" classname="com.utility.ExcelSheetWriteUtils"/>
</testsuite> <!-- com.utility.ExcelSheetWriteUtils -->
